<?xml version="1.0" encoding="UTF-8"?>
<!-- Generated by org.testng.reporters.JUnitXMLReporter -->
<testsuite ignored="3" hostname="IdeaPad3-15IIL05" failures="0" tests="1" name="LaunchingBrowser" time="13.951" errors="0" timestamp="2023-07-28T10:02:50 IST">
  <testcase classname="login.LoginAutomation" name="launchBrowser" time="13.888"/>
  <testcase classname="login.LoginAutomation" name="unPwd" time="0.0">
    <ignored/>
  </testcase> <!-- unPwd -->
  <testcase classname="login.LoginAutomation" name="login" time="0.0">
    <ignored/>
  </testcase> <!-- login -->
  <testcase classname="login.LoginAutomation" name="validation" time="0.0">
    <ignored/>
  </testcase> <!-- validation -->
</testsuite> <!-- LaunchingBrowser -->
