<?xml version="1.0" encoding="UTF-8"?>
<!-- Generated by org.testng.reporters.JUnitXMLReporter -->
<testsuite ignored="5" hostname="IdeaPad3-15IIL05" failures="0" tests="1" name="TestGoogle" time="30.089" errors="0" timestamp="2023-07-28T12:01:19 IST">
  <testcase classname="orangehrm.OrangeHrm" name="testGoogle" time="30.083"/>
  <testcase classname="orangehrm.OrangeHrm" name="launchApp" time="0.0">
    <ignored/>
  </testcase> <!-- launchApp -->
  <testcase classname="orangehrm.OrangeHrm" name="verifyInfo" time="0.0">
    <ignored/>
  </testcase> <!-- verifyInfo -->
  <testcase classname="orangehrm.OrangeHrm" name="verifyLogin" time="0.0">
    <ignored/>
  </testcase> <!-- verifyLogin -->
  <testcase classname="orangehrm.OrangeHrm" name="navigateToMyInfo" time="0.0">
    <ignored/>
  </testcase> <!-- navigateToMyInfo -->
  <testcase classname="orangehrm.OrangeHrm" name="enterLoginDetails" time="0.0">
    <ignored/>
  </testcase> <!-- enterLoginDetails -->
</testsuite> <!-- TestGoogle -->
