<?xml version="1.0" encoding="UTF-8"?>
<!-- Generated by org.testng.reporters.JUnitXMLReporter -->
<testsuite ignored="0" hostname="IdeaPad3-15IIL05" failures="0" tests="5" name="Test1" time="0.048" errors="0" timestamp="2023-07-29T11:21:26 IST">
  <testcase classname="testng1.ThirdTest" name="doremon" time="0.003"/>
  <testcase classname="testng1.FourthTest" name="launchBrowser" time="0.002"/>
  <testcase classname="testng1.FourthTest" name="verifyLogin" time="0.001"/>
  <testcase classname="testng1.FourthTest" name="enterUrl" time="0.002"/>
  <testcase classname="testng1.FourthTest" name="closeBrowser" time="0.002"/>
</testsuite> <!-- Test1 -->
