<?xml version="1.0" encoding="UTF-8"?>
<testng-results ignored="0" total="2" passed="2" failed="0" skipped="0">
  <reporter-output>
  </reporter-output>
  <suite started-at="2023-09-04T12:02:07 IST" name="Default suite" finished-at="2023-09-04T12:02:57 IST" duration-ms="49613">
    <groups>
    </groups>
    <test started-at="2023-09-04T12:02:07 IST" name="Default test" finished-at="2023-09-04T12:02:57 IST" duration-ms="49613">
      <class name="facebookLogin.FacebookLogin">
        <test-method signature="enterLoginDetails()[pri:0, instance:facebookLogin.FacebookLogin@692f203f]" started-at="2023-09-04T12:02:07 IST" name="enterLoginDetails" finished-at="2023-09-04T12:02:52 IST" duration-ms="44262" status="PASS">
          <reporter-output>
          </reporter-output>
        </test-method> <!-- enterLoginDetails -->
        <test-method signature="launchBrowser()[pri:0, instance:facebookLogin.FacebookLogin@692f203f]" started-at="2023-09-04T12:02:52 IST" name="launchBrowser" finished-at="2023-09-04T12:02:57 IST" duration-ms="5293" status="PASS">
          <reporter-output>
          </reporter-output>
        </test-method> <!-- launchBrowser -->
      </class> <!-- facebookLogin.FacebookLogin -->
    </test> <!-- Default test -->
  </suite> <!-- Default suite -->
</testng-results>
